2025-10-31 17:07:59 INFO  TC_001_login_orangeHRM:14 - **********************Test Case 001 Orange HRM is started **********************
2025-10-31 17:08:01 INFO  TC_001_login_orangeHRM:19 - User has entered the user name
2025-10-31 17:08:01 INFO  TC_001_login_orangeHRM:21 - User has entered the password
2025-10-31 17:08:01 INFO  TC_001_login_orangeHRM:23 - User has clicked on the login button
2025-10-31 17:08:01 INFO  TC_001_login_orangeHRM:25 - **********************Test Case 001 Orange HRM is completed **********************
2025-10-31 17:09:00 INFO  TC_003_addEmployee:64 - User has entered the user name
2025-10-31 17:09:00 INFO  TC_003_addEmployee:66 - User has entered the password
2025-10-31 17:09:01 INFO  TC_003_addEmployee:68 - User has clicked on the login button
2025-10-31 17:09:07 INFO  TC_003_addEmployee:18 - User has clicked on PIM link
2025-10-31 17:36:59 INFO  TC_003_addEmployee:64 - User has entered the user name
2025-10-31 17:37:00 INFO  TC_003_addEmployee:66 - User has entered the password
2025-10-31 17:37:00 INFO  TC_003_addEmployee:68 - User has clicked on the login button
2025-10-31 17:37:06 INFO  TC_003_addEmployee:18 - User has clicked on PIM link
2025-10-31 17:39:41 INFO  TC_003_addEmployee:64 - User has entered the user name
2025-10-31 17:39:41 INFO  TC_003_addEmployee:66 - User has entered the password
2025-10-31 17:39:43 INFO  TC_003_addEmployee:68 - User has clicked on the login button
2025-10-31 17:39:54 INFO  TC_003_addEmployee:18 - User has clicked on PIM link
2025-10-31 17:41:47 INFO  TC_003_addEmployee:64 - User has entered the user name
2025-10-31 17:41:47 INFO  TC_003_addEmployee:66 - User has entered the password
2025-10-31 17:41:47 INFO  TC_003_addEmployee:68 - User has clicked on the login button
2025-10-31 17:41:56 INFO  TC_003_addEmployee:18 - User has clicked on PIM link
2025-10-31 17:45:07 INFO  TC_001_login_orangeHRM:14 - **********************Test Case 001 Orange HRM is started **********************
2025-10-31 18:05:59 INFO  TC_001_login_orangeHRM:14 - **********************Test Case 001 Orange HRM is started **********************
2025-10-31 18:13:06 INFO  TC_001_login_orangeHRM:14 - **********************Test Case 001 Orange HRM is started **********************
2025-10-31 18:19:03 INFO  TC_001_login_orangeHRM:14 - **********************Test Case 001 Orange HRM is started **********************
2025-10-31 18:21:10 INFO  TC_001_login_orangeHRM:14 - **********************Test Case 001 Orange HRM is started **********************
2025-10-31 18:22:23 INFO  TC_001_login_orangeHRM:14 - **********************Test Case 001 Orange HRM is started **********************
2025-10-31 18:23:43 INFO  TC_001_login_orangeHRM:14 - **********************Test Case 001 Orange HRM is started **********************
2025-10-31 18:25:01 INFO  TC_001_login_orangeHRM:14 - **********************Test Case 001 Orange HRM is started **********************
2025-10-31 18:25:02 INFO  TC_001_login_orangeHRM:19 - User has entered the user name
2025-10-31 18:25:02 INFO  TC_001_login_orangeHRM:21 - User has entered the password
2025-10-31 18:25:02 INFO  TC_001_login_orangeHRM:23 - User has clicked on the login button
2025-10-31 18:25:02 INFO  TC_001_login_orangeHRM:25 - **********************Test Case 001 Orange HRM is completed **********************
2025-10-31 18:27:27 INFO  TC_001_login_orangeHRM:14 - **********************Test Case 001 Orange HRM is started **********************
2025-10-31 18:27:27 INFO  TC_001_login_orangeHRM:19 - User has entered the user name
2025-10-31 18:27:27 INFO  TC_001_login_orangeHRM:21 - User has entered the password
2025-10-31 18:27:27 INFO  TC_001_login_orangeHRM:23 - User has clicked on the login button
2025-10-31 18:27:27 INFO  TC_001_login_orangeHRM:25 - **********************Test Case 001 Orange HRM is completed **********************
2025-10-31 18:33:34 INFO  TC_001_login_orangeHRM:14 - **********************Test Case 001 Orange HRM is started **********************
2025-10-31 18:33:35 INFO  TC_001_login_orangeHRM:19 - User has entered the user name
2025-10-31 18:33:35 INFO  TC_001_login_orangeHRM:21 - User has entered the password
2025-10-31 18:33:35 INFO  TC_001_login_orangeHRM:23 - User has clicked on the login button
2025-10-31 18:33:37 INFO  TC_001_login_orangeHRM:26 - **********************Test Case 001 Orange HRM is completed **********************
2025-10-31 21:55:05 INFO  TC_001_login_orangeHRM:14 - **********************Test Case 001 Orange HRM is started **********************
2025-10-31 21:55:05 INFO  TC_001_login_orangeHRM:19 - User has entered the user name
2025-10-31 21:55:05 INFO  TC_001_login_orangeHRM:21 - User has entered the password
2025-10-31 21:55:05 INFO  TC_001_login_orangeHRM:23 - User has clicked on the login button
2025-10-31 21:55:08 INFO  TC_001_login_orangeHRM:26 - **********************Test Case 001 Orange HRM is completed **********************
2025-10-31 21:57:28 INFO  TC_001_login_orangeHRM:14 - **********************Test Case 001 Orange HRM is started **********************
2025-10-31 21:57:30 INFO  TC_001_login_orangeHRM:19 - User has entered the user name
2025-10-31 21:57:30 INFO  TC_001_login_orangeHRM:21 - User has entered the password
2025-10-31 21:57:31 INFO  TC_001_login_orangeHRM:23 - User has clicked on the login button
2025-10-31 21:57:33 INFO  TC_001_login_orangeHRM:26 - **********************Test Case 001 Orange HRM is completed **********************
2025-10-31 22:03:55 INFO  TC_001_login_orangeHRM:14 - **********************Test Case 001 Orange HRM is started **********************
2025-10-31 22:03:55 INFO  TC_001_login_orangeHRM:19 - User has entered the user name
2025-10-31 22:03:55 INFO  TC_001_login_orangeHRM:21 - User has entered the password
2025-10-31 22:03:55 INFO  TC_001_login_orangeHRM:23 - User has clicked on the login button
2025-10-31 22:03:57 INFO  TC_001_login_orangeHRM:26 - **********************Test Case 001 Orange HRM is completed **********************
2025-10-31 23:04:19 INFO  TC_003_addEmployee:68 - User has entered the user name
2025-10-31 23:04:19 INFO  TC_003_addEmployee:70 - User has entered the password
2025-10-31 23:04:26 INFO  TC_003_addEmployee:18 - User has clicked on PIM link
2025-10-31 23:07:14 INFO  TC_003_addEmployee:68 - User has entered the user name
2025-10-31 23:07:15 INFO  TC_003_addEmployee:70 - User has entered the password
2025-10-31 23:07:21 INFO  TC_003_addEmployee:18 - User has clicked on PIM link
2025-10-31 23:09:44 INFO  TC_003_addEmployee:68 - User has entered the user name
2025-10-31 23:09:44 INFO  TC_003_addEmployee:70 - User has entered the password
2025-10-31 23:09:52 INFO  TC_003_addEmployee:18 - User has clicked on PIM link
